D:\WYKPRIVACY\C_OR_C++PROJECT\SC68_EXPLORATION\TEST\SC68-CODE-R599\SC68-FB2K\_X86-RELEASE\FILE68.LIB
D:\wykPrivacy\C_or_C++Project\sc68_exploration\test\sc68-code-r599\sc68-fb2k\_x86-Release\file68\CL.10244.read.1.tlog
D:\wykPrivacy\C_or_C++Project\sc68_exploration\test\sc68-code-r599\sc68-fb2k\_x86-Release\file68\CL.10244.write.1.tlog
D:\wykPrivacy\C_or_C++Project\sc68_exploration\test\sc68-code-r599\sc68-fb2k\_x86-Release\file68\CL.10632.read.1.tlog
D:\wykPrivacy\C_or_C++Project\sc68_exploration\test\sc68-code-r599\sc68-fb2k\_x86-Release\file68\CL.10632.write.1.tlog
D:\wykPrivacy\C_or_C++Project\sc68_exploration\test\sc68-code-r599\sc68-fb2k\_x86-Release\file68\CL.11256.read.1.tlog
D:\wykPrivacy\C_or_C++Project\sc68_exploration\test\sc68-code-r599\sc68-fb2k\_x86-Release\file68\CL.11256.write.1.tlog
D:\wykPrivacy\C_or_C++Project\sc68_exploration\test\sc68-code-r599\sc68-fb2k\_x86-Release\file68\CL.11344.read.1.tlog
D:\wykPrivacy\C_or_C++Project\sc68_exploration\test\sc68-code-r599\sc68-fb2k\_x86-Release\file68\CL.11344.write.1.tlog
D:\wykPrivacy\C_or_C++Project\sc68_exploration\test\sc68-code-r599\sc68-fb2k\_x86-Release\file68\CL.12196.read.1.tlog
D:\wykPrivacy\C_or_C++Project\sc68_exploration\test\sc68-code-r599\sc68-fb2k\_x86-Release\file68\CL.12196.write.1.tlog
D:\wykPrivacy\C_or_C++Project\sc68_exploration\test\sc68-code-r599\sc68-fb2k\_x86-Release\file68\CL.14368.read.1.tlog
D:\wykPrivacy\C_or_C++Project\sc68_exploration\test\sc68-code-r599\sc68-fb2k\_x86-Release\file68\CL.14368.write.1.tlog
D:\wykPrivacy\C_or_C++Project\sc68_exploration\test\sc68-code-r599\sc68-fb2k\_x86-Release\file68\CL.14592.read.1.tlog
D:\wykPrivacy\C_or_C++Project\sc68_exploration\test\sc68-code-r599\sc68-fb2k\_x86-Release\file68\CL.14592.write.1.tlog
D:\wykPrivacy\C_or_C++Project\sc68_exploration\test\sc68-code-r599\sc68-fb2k\_x86-Release\file68\CL.18100.read.1.tlog
D:\wykPrivacy\C_or_C++Project\sc68_exploration\test\sc68-code-r599\sc68-fb2k\_x86-Release\file68\CL.18100.write.1.tlog
D:\wykPrivacy\C_or_C++Project\sc68_exploration\test\sc68-code-r599\sc68-fb2k\_x86-Release\file68\CL.19828.read.1.tlog
D:\wykPrivacy\C_or_C++Project\sc68_exploration\test\sc68-code-r599\sc68-fb2k\_x86-Release\file68\CL.19828.write.1.tlog
D:\wykPrivacy\C_or_C++Project\sc68_exploration\test\sc68-code-r599\sc68-fb2k\_x86-Release\file68\CL.20424.read.1.tlog
D:\wykPrivacy\C_or_C++Project\sc68_exploration\test\sc68-code-r599\sc68-fb2k\_x86-Release\file68\CL.20424.write.1.tlog
D:\wykPrivacy\C_or_C++Project\sc68_exploration\test\sc68-code-r599\sc68-fb2k\_x86-Release\file68\CL.20660.read.1.tlog
D:\wykPrivacy\C_or_C++Project\sc68_exploration\test\sc68-code-r599\sc68-fb2k\_x86-Release\file68\CL.20660.write.1.tlog
D:\wykPrivacy\C_or_C++Project\sc68_exploration\test\sc68-code-r599\sc68-fb2k\_x86-Release\file68\CL.21172.read.1.tlog
D:\wykPrivacy\C_or_C++Project\sc68_exploration\test\sc68-code-r599\sc68-fb2k\_x86-Release\file68\CL.21172.write.1.tlog
D:\wykPrivacy\C_or_C++Project\sc68_exploration\test\sc68-code-r599\sc68-fb2k\_x86-Release\file68\CL.22212.read.1.tlog
D:\wykPrivacy\C_or_C++Project\sc68_exploration\test\sc68-code-r599\sc68-fb2k\_x86-Release\file68\CL.22212.write.1.tlog
D:\wykPrivacy\C_or_C++Project\sc68_exploration\test\sc68-code-r599\sc68-fb2k\_x86-Release\file68\CL.22504.read.1.tlog
D:\wykPrivacy\C_or_C++Project\sc68_exploration\test\sc68-code-r599\sc68-fb2k\_x86-Release\file68\CL.22504.write.1.tlog
D:\wykPrivacy\C_or_C++Project\sc68_exploration\test\sc68-code-r599\sc68-fb2k\_x86-Release\file68\CL.23144.read.1.tlog
D:\wykPrivacy\C_or_C++Project\sc68_exploration\test\sc68-code-r599\sc68-fb2k\_x86-Release\file68\CL.23144.write.1.tlog
D:\wykPrivacy\C_or_C++Project\sc68_exploration\test\sc68-code-r599\sc68-fb2k\_x86-Release\file68\CL.24476.read.1.tlog
D:\wykPrivacy\C_or_C++Project\sc68_exploration\test\sc68-code-r599\sc68-fb2k\_x86-Release\file68\CL.24476.write.1.tlog
D:\wykPrivacy\C_or_C++Project\sc68_exploration\test\sc68-code-r599\sc68-fb2k\_x86-Release\file68\CL.25488.read.1.tlog
D:\wykPrivacy\C_or_C++Project\sc68_exploration\test\sc68-code-r599\sc68-fb2k\_x86-Release\file68\CL.25488.write.1.tlog
D:\wykPrivacy\C_or_C++Project\sc68_exploration\test\sc68-code-r599\sc68-fb2k\_x86-Release\file68\CL.7500.read.1.tlog
D:\wykPrivacy\C_or_C++Project\sc68_exploration\test\sc68-code-r599\sc68-fb2k\_x86-Release\file68\CL.7500.write.1.tlog
D:\wykPrivacy\C_or_C++Project\sc68_exploration\test\sc68-code-r599\sc68-fb2k\_x86-Release\file68\CL.896.read.1.tlog
D:\wykPrivacy\C_or_C++Project\sc68_exploration\test\sc68-code-r599\sc68-fb2k\_x86-Release\file68\CL.896.write.1.tlog
D:\wykPrivacy\C_or_C++Project\sc68_exploration\test\sc68-code-r599\sc68-fb2k\_x86-Release\file68\CL.9084.read.1.tlog
D:\wykPrivacy\C_or_C++Project\sc68_exploration\test\sc68-code-r599\sc68-fb2k\_x86-Release\file68\CL.9084.write.1.tlog
D:\wykPrivacy\C_or_C++Project\sc68_exploration\test\sc68-code-r599\sc68-fb2k\_x86-Release\file68\cl.command.1.tlog
D:\wykPrivacy\C_or_C++Project\sc68_exploration\test\sc68-code-r599\sc68-fb2k\_x86-Release\file68\CL.read.1.tlog
D:\wykPrivacy\C_or_C++Project\sc68_exploration\test\sc68-code-r599\sc68-fb2k\_x86-Release\file68\CL.read.10.tlog
D:\wykPrivacy\C_or_C++Project\sc68_exploration\test\sc68-code-r599\sc68-fb2k\_x86-Release\file68\CL.read.11.tlog
D:\wykPrivacy\C_or_C++Project\sc68_exploration\test\sc68-code-r599\sc68-fb2k\_x86-Release\file68\CL.read.12.tlog
D:\wykPrivacy\C_or_C++Project\sc68_exploration\test\sc68-code-r599\sc68-fb2k\_x86-Release\file68\CL.read.13.tlog
D:\wykPrivacy\C_or_C++Project\sc68_exploration\test\sc68-code-r599\sc68-fb2k\_x86-Release\file68\CL.read.14.tlog
D:\wykPrivacy\C_or_C++Project\sc68_exploration\test\sc68-code-r599\sc68-fb2k\_x86-Release\file68\CL.read.15.tlog
D:\wykPrivacy\C_or_C++Project\sc68_exploration\test\sc68-code-r599\sc68-fb2k\_x86-Release\file68\CL.read.16.tlog
D:\wykPrivacy\C_or_C++Project\sc68_exploration\test\sc68-code-r599\sc68-fb2k\_x86-Release\file68\CL.read.17.tlog
D:\wykPrivacy\C_or_C++Project\sc68_exploration\test\sc68-code-r599\sc68-fb2k\_x86-Release\file68\CL.read.18.tlog
D:\wykPrivacy\C_or_C++Project\sc68_exploration\test\sc68-code-r599\sc68-fb2k\_x86-Release\file68\CL.read.19.tlog
D:\wykPrivacy\C_or_C++Project\sc68_exploration\test\sc68-code-r599\sc68-fb2k\_x86-Release\file68\CL.read.2.tlog
D:\wykPrivacy\C_or_C++Project\sc68_exploration\test\sc68-code-r599\sc68-fb2k\_x86-Release\file68\CL.read.20.tlog
D:\wykPrivacy\C_or_C++Project\sc68_exploration\test\sc68-code-r599\sc68-fb2k\_x86-Release\file68\CL.read.3.tlog
D:\wykPrivacy\C_or_C++Project\sc68_exploration\test\sc68-code-r599\sc68-fb2k\_x86-Release\file68\CL.read.4.tlog
D:\wykPrivacy\C_or_C++Project\sc68_exploration\test\sc68-code-r599\sc68-fb2k\_x86-Release\file68\CL.read.5.tlog
D:\wykPrivacy\C_or_C++Project\sc68_exploration\test\sc68-code-r599\sc68-fb2k\_x86-Release\file68\CL.read.6.tlog
D:\wykPrivacy\C_or_C++Project\sc68_exploration\test\sc68-code-r599\sc68-fb2k\_x86-Release\file68\CL.read.7.tlog
D:\wykPrivacy\C_or_C++Project\sc68_exploration\test\sc68-code-r599\sc68-fb2k\_x86-Release\file68\CL.read.8.tlog
D:\wykPrivacy\C_or_C++Project\sc68_exploration\test\sc68-code-r599\sc68-fb2k\_x86-Release\file68\CL.read.9.tlog
D:\wykPrivacy\C_or_C++Project\sc68_exploration\test\sc68-code-r599\sc68-fb2k\_x86-Release\file68\cl.write.1.tlog
D:\wykPrivacy\C_or_C++Project\sc68_exploration\test\sc68-code-r599\sc68-fb2k\_x86-Release\file68\endian68.obj
D:\wykPrivacy\C_or_C++Project\sc68_exploration\test\sc68-code-r599\sc68-fb2k\_x86-Release\file68\error68.obj
D:\wykPrivacy\C_or_C++Project\sc68_exploration\test\sc68-code-r599\sc68-fb2k\_x86-Release\file68\file68.obj
D:\wykPrivacy\C_or_C++Project\sc68_exploration\test\sc68-code-r599\sc68-fb2k\_x86-Release\file68\file68.write.1.tlog
D:\wykPrivacy\C_or_C++Project\sc68_exploration\test\sc68-code-r599\sc68-fb2k\_x86-Release\file68\gzip68.obj
D:\wykPrivacy\C_or_C++Project\sc68_exploration\test\sc68-code-r599\sc68-fb2k\_x86-Release\file68\ice68.obj
D:\wykPrivacy\C_or_C++Project\sc68_exploration\test\sc68-code-r599\sc68-fb2k\_x86-Release\file68\init68.obj
D:\wykPrivacy\C_or_C++Project\sc68_exploration\test\sc68-code-r599\sc68-fb2k\_x86-Release\file68\lib.command.1.tlog
D:\wykPrivacy\C_or_C++Project\sc68_exploration\test\sc68-code-r599\sc68-fb2k\_x86-Release\file68\Lib.read.1.tlog
D:\wykPrivacy\C_or_C++Project\sc68_exploration\test\sc68-code-r599\sc68-fb2k\_x86-Release\file68\Lib-link.read.1.tlog
D:\wykPrivacy\C_or_C++Project\sc68_exploration\test\sc68-code-r599\sc68-fb2k\_x86-Release\file68\Lib-link.write.1.tlog
D:\wykPrivacy\C_or_C++Project\sc68_exploration\test\sc68-code-r599\sc68-fb2k\_x86-Release\file68\msg68.obj
D:\wykPrivacy\C_or_C++Project\sc68_exploration\test\sc68-code-r599\sc68-fb2k\_x86-Release\file68\option68.obj
D:\wykPrivacy\C_or_C++Project\sc68_exploration\test\sc68-code-r599\sc68-fb2k\_x86-Release\file68\registry68.obj
D:\wykPrivacy\C_or_C++Project\sc68_exploration\test\sc68-code-r599\sc68-fb2k\_x86-Release\file68\replay68.obj
D:\wykPrivacy\C_or_C++Project\sc68_exploration\test\sc68-code-r599\sc68-fb2k\_x86-Release\file68\rsc68.obj
D:\wykPrivacy\C_or_C++Project\sc68_exploration\test\sc68-code-r599\sc68-fb2k\_x86-Release\file68\string68.obj
D:\wykPrivacy\C_or_C++Project\sc68_exploration\test\sc68-code-r599\sc68-fb2k\_x86-Release\file68\timedb68.obj
D:\wykPrivacy\C_or_C++Project\sc68_exploration\test\sc68-code-r599\sc68-fb2k\_x86-Release\file68\uri68.obj
D:\wykPrivacy\C_or_C++Project\sc68_exploration\test\sc68-code-r599\sc68-fb2k\_x86-Release\file68\vfs68.obj
D:\wykPrivacy\C_or_C++Project\sc68_exploration\test\sc68-code-r599\sc68-fb2k\_x86-Release\file68\vfs68_ao.obj
D:\wykPrivacy\C_or_C++Project\sc68_exploration\test\sc68-code-r599\sc68-fb2k\_x86-Release\file68\vfs68_curl.obj
D:\wykPrivacy\C_or_C++Project\sc68_exploration\test\sc68-code-r599\sc68-fb2k\_x86-Release\file68\vfs68_fd.obj
D:\wykPrivacy\C_or_C++Project\sc68_exploration\test\sc68-code-r599\sc68-fb2k\_x86-Release\file68\vfs68_file.obj
D:\wykPrivacy\C_or_C++Project\sc68_exploration\test\sc68-code-r599\sc68-fb2k\_x86-Release\file68\vfs68_mem.obj
D:\wykPrivacy\C_or_C++Project\sc68_exploration\test\sc68-code-r599\sc68-fb2k\_x86-Release\file68\vfs68_null.obj
D:\wykPrivacy\C_or_C++Project\sc68_exploration\test\sc68-code-r599\sc68-fb2k\_x86-Release\file68\vfs68_z.obj
D:\WYKPRIVACY\C_OR_C++PROJECT\SC68_EXPLORATION\TEST\SC68-CODE-R599\SC68-FB2K\_X86-RELEASE\SC68-FB2K-V100.PDB
