D:\WYKPRIVACY\C_OR_C++PROJECT\SC68_EXPLORATION\TEST\SC68-CODE-R599\SC68-FB2K\_X86-RELEASE\FOO_SC68.DLL
D:\wykPrivacy\C_or_C++Project\sc68_exploration\test\sc68-code-r599\sc68-fb2k\_x86-Release\foo_sc68.exp
D:\wykPrivacy\C_or_C++Project\sc68_exploration\test\sc68-code-r599\sc68-fb2k\_x86-Release\foo_sc68.lib
D:\wykPrivacy\C_or_C++Project\sc68_exploration\test\sc68-code-r599\sc68-fb2k\foo_sc68\_x86-Release\CL.15824.read.1.tlog
D:\wykPrivacy\C_or_C++Project\sc68_exploration\test\sc68-code-r599\sc68-fb2k\foo_sc68\_x86-Release\CL.15824.write.1.tlog
D:\wykPrivacy\C_or_C++Project\sc68_exploration\test\sc68-code-r599\sc68-fb2k\foo_sc68\_x86-Release\CL.18480.read.1.tlog
D:\wykPrivacy\C_or_C++Project\sc68_exploration\test\sc68-code-r599\sc68-fb2k\foo_sc68\_x86-Release\CL.18480.write.1.tlog
D:\wykPrivacy\C_or_C++Project\sc68_exploration\test\sc68-code-r599\sc68-fb2k\foo_sc68\_x86-Release\CL.21836.read.1.tlog
D:\wykPrivacy\C_or_C++Project\sc68_exploration\test\sc68-code-r599\sc68-fb2k\foo_sc68\_x86-Release\CL.21836.write.1.tlog
D:\wykPrivacy\C_or_C++Project\sc68_exploration\test\sc68-code-r599\sc68-fb2k\foo_sc68\_x86-Release\CL.24668.read.1.tlog
D:\wykPrivacy\C_or_C++Project\sc68_exploration\test\sc68-code-r599\sc68-fb2k\foo_sc68\_x86-Release\CL.24668.write.1.tlog
D:\wykPrivacy\C_or_C++Project\sc68_exploration\test\sc68-code-r599\sc68-fb2k\foo_sc68\_x86-Release\CL.24688.read.1.tlog
D:\wykPrivacy\C_or_C++Project\sc68_exploration\test\sc68-code-r599\sc68-fb2k\foo_sc68\_x86-Release\CL.24688.write.1.tlog
D:\wykPrivacy\C_or_C++Project\sc68_exploration\test\sc68-code-r599\sc68-fb2k\foo_sc68\_x86-Release\CL.25288.read.1.tlog
D:\wykPrivacy\C_or_C++Project\sc68_exploration\test\sc68-code-r599\sc68-fb2k\foo_sc68\_x86-Release\CL.25288.write.1.tlog
D:\wykPrivacy\C_or_C++Project\sc68_exploration\test\sc68-code-r599\sc68-fb2k\foo_sc68\_x86-Release\cl.command.1.tlog
D:\wykPrivacy\C_or_C++Project\sc68_exploration\test\sc68-code-r599\sc68-fb2k\foo_sc68\_x86-Release\CL.read.1.tlog
D:\wykPrivacy\C_or_C++Project\sc68_exploration\test\sc68-code-r599\sc68-fb2k\foo_sc68\_x86-Release\CL.read.2.tlog
D:\wykPrivacy\C_or_C++Project\sc68_exploration\test\sc68-code-r599\sc68-fb2k\foo_sc68\_x86-Release\CL.read.3.tlog
D:\wykPrivacy\C_or_C++Project\sc68_exploration\test\sc68-code-r599\sc68-fb2k\foo_sc68\_x86-Release\CL.read.4.tlog
D:\wykPrivacy\C_or_C++Project\sc68_exploration\test\sc68-code-r599\sc68-fb2k\foo_sc68\_x86-Release\CL.read.5.tlog
D:\wykPrivacy\C_or_C++Project\sc68_exploration\test\sc68-code-r599\sc68-fb2k\foo_sc68\_x86-Release\CL.read.6.tlog
D:\wykPrivacy\C_or_C++Project\sc68_exploration\test\sc68-code-r599\sc68-fb2k\foo_sc68\_x86-Release\cl.write.1.tlog
D:\wykPrivacy\C_or_C++Project\sc68_exploration\test\sc68-code-r599\sc68-fb2k\foo_sc68\_x86-Release\cmenu_sc68.obj
D:\wykPrivacy\C_or_C++Project\sc68_exploration\test\sc68-code-r599\sc68-fb2k\foo_sc68\_x86-Release\fb2k_sc68.obj
D:\WYKPRIVACY\C_OR_C++PROJECT\SC68_EXPLORATION\TEST\SC68-CODE-R599\SC68-FB2K\FOO_SC68\_X86-RELEASE\FOO_SC68.DLL.INTERMEDIATE.MANIFEST
D:\wykPrivacy\C_or_C++Project\sc68_exploration\test\sc68-code-r599\sc68-fb2k\foo_sc68\_x86-Release\foo_sc68.write.1.tlog
D:\wykPrivacy\C_or_C++Project\sc68_exploration\test\sc68-code-r599\sc68-fb2k\foo_sc68\_x86-Release\initquit_sc68.obj
D:\wykPrivacy\C_or_C++Project\sc68_exploration\test\sc68-code-r599\sc68-fb2k\foo_sc68\_x86-Release\input_sc68.obj
D:\wykPrivacy\C_or_C++Project\sc68_exploration\test\sc68-code-r599\sc68-fb2k\foo_sc68\_x86-Release\link.command.1.tlog
D:\wykPrivacy\C_or_C++Project\sc68_exploration\test\sc68-code-r599\sc68-fb2k\foo_sc68\_x86-Release\link.read.1.tlog
D:\wykPrivacy\C_or_C++Project\sc68_exploration\test\sc68-code-r599\sc68-fb2k\foo_sc68\_x86-Release\link.write.1.tlog
D:\wykPrivacy\C_or_C++Project\sc68_exploration\test\sc68-code-r599\sc68-fb2k\foo_sc68\_x86-Release\link-cvtres.read.1.tlog
D:\wykPrivacy\C_or_C++Project\sc68_exploration\test\sc68-code-r599\sc68-fb2k\foo_sc68\_x86-Release\link-cvtres.write.1.tlog
D:\wykPrivacy\C_or_C++Project\sc68_exploration\test\sc68-code-r599\sc68-fb2k\foo_sc68\_x86-Release\mt.command.1.tlog
D:\wykPrivacy\C_or_C++Project\sc68_exploration\test\sc68-code-r599\sc68-fb2k\foo_sc68\_x86-Release\mt.read.1.tlog
D:\wykPrivacy\C_or_C++Project\sc68_exploration\test\sc68-code-r599\sc68-fb2k\foo_sc68\_x86-Release\mt.write.1.tlog
D:\wykPrivacy\C_or_C++Project\sc68_exploration\test\sc68-code-r599\sc68-fb2k\foo_sc68\_x86-Release\pref_sc68.obj
D:\WYKPRIVACY\C_OR_C++PROJECT\SC68_EXPLORATION\TEST\SC68-CODE-R599\SC68-FB2K\FOO_SC68\_X86-RELEASE\PREF_SC68.RES
D:\wykPrivacy\C_or_C++Project\sc68_exploration\test\sc68-code-r599\sc68-fb2k\foo_sc68\_x86-Release\rc.command.1.tlog
D:\wykPrivacy\C_or_C++Project\sc68_exploration\test\sc68-code-r599\sc68-fb2k\foo_sc68\_x86-Release\rc.read.1.tlog
D:\wykPrivacy\C_or_C++Project\sc68_exploration\test\sc68-code-r599\sc68-fb2k\foo_sc68\_x86-Release\rc.write.1.tlog
D:\WYKPRIVACY\C_OR_C++PROJECT\SC68_EXPLORATION\TEST\SC68-CODE-R599\SC68-FB2K\FOO_SC68\_X86-RELEASE\RESOURCE.RES
D:\WYKPRIVACY\C_OR_C++PROJECT\SC68_EXPLORATION\TEST\SC68-CODE-R599\SC68-FB2K\FOO_SC68\_X86-RELEASE\VC100.PDB
D:\wykPrivacy\C_or_C++Project\sc68_exploration\test\sc68-code-r599\sc68-fb2k\foo_sc68\_x86-Release\vfs_sc68.obj
