Build started 2026/2/15 21:12:02.
     1>Project "D:\wykPrivacy\C_or_C++Project\sc68_exploration\test\sc68-code-r599\sc68-msvc\sc68\sc68.vcxproj" on node 2 (rebuild target(s)).
     1>_PrepareForClean:
         Deleting file "D:\wykPrivacy\C_or_C++Project\sc68_exploration\test\sc68-code-r599\sc68-fb2k\_x86-Release\sc68\sc68.lastbuildstate".
       InitializeBuildStatus:
         Creating "D:\wykPrivacy\C_or_C++Project\sc68_exploration\test\sc68-code-r599\sc68-fb2k\_x86-Release\sc68\sc68.unsuccessfulbuild" because "AlwaysCreate" was specified.
       ClCompile:
         C:\Program Files (x86)\Microsoft Visual Studio 10.0\VC\bin\CL.exe /c /I"D:\wykPrivacy\C_or_C++Project\sc68_exploration\test\sc68-code-r599\sc68-msvc\sc68\\" /I"D:\wykPrivacy\C_or_C++Project\sc68_exploration\test\sc68-code-r599\sc68-msvc\sc68\/.." /I"D:\wykPrivacy\C_or_C++Project\sc68_exploration\test\sc68-code-r599\sc68-msvc\sc68\/../../file68" /I"D:\wykPrivacy\C_or_C++Project\sc68_exploration\test\sc68-code-r599\sc68-msvc\sc68\/../../libsc68" /I"D:\wykPrivacy\C_or_C++Project\sc68_exploration\test\sc68-code-r599\sc68-msvc\sc68\/../../libsc68/sc68" /I"D:\wykPrivacy\C_or_C++Project\sc68_exploration\test\sc68-code-r599\sc68-msvc\sc68\/../../sc68-libc" /Zi /nologo /W3 /WX- /MP /Ox /Ob2 /Oi /Ot /Oy /GL /D HAVE_CONFIG_H /D WIN32 /D NDEBUG /D _LIB /D _MBCS /GF /Gm- /MT /GS- /Gy- /fp:fast /fp:except- /Zc:wchar_t /Zc:forScope /GR- /openmp- /Fo"D:\wykPrivacy\C_or_C++Project\sc68_exploration\test\sc68-code-r599\sc68-fb2k\_x86-Release\sc68\\" /Fd"D:\wykPrivacy\C_or_C++Project\sc68_exploration\test\sc68-code-r599\sc68-fb2k\_x86-Release\sc68-fb2k-v100.pdb" /Gd /TC /analyze- /errorReport:none ..\..\libsc68\api68.c ..\..\libsc68\conf68.c ..\..\libsc68\dial68\dial68.c ..\..\libsc68\dial68\dial_conf.c ..\..\libsc68\dial68\dial_finf.c ..\..\libsc68\dial68\dial_tsel.c ..\..\libsc68\dial68\winui\winui_dlg.c ..\..\libsc68\dial68\winui\winui_rsc.c ..\..\libsc68\emu68\emu68.c ..\..\libsc68\emu68\error68.c ..\..\libsc68\emu68\getea68.c ..\..\libsc68\emu68\inst68.c ..\..\libsc68\emu68\ioplug68.c ..\..\libsc68\emu68\lines68.c ..\..\libsc68\emu68\mem68.c ..\..\libsc68\io68\io68.c ..\..\libsc68\io68\mfpemul.c ..\..\libsc68\io68\mfp_io.c ..\..\libsc68\io68\mwemul.c ..\..\libsc68\io68\mw_io.c ..\..\libsc68\io68\paulaemul.c ..\..\libsc68\io68\paula_io.c ..\..\libsc68\io68\shifter_io.c ..\..\libsc68\io68\ymemul.c ..\..\libsc68\io68\ym_blep.c ..\..\libsc68\io68\ym_dump.c ..\..\libsc68\io68\ym_envel.c ..\..\libsc68\io68\ym_io.c ..\..\libsc68\io68\ym_puls.c ..\..\libsc68\libsc68.c ..\..\libsc68\mixer68.c "..\..\sc68-libc\basename.c"
         api68.c
         conf68.c
         dial68.c
         dial_conf.c
         dial_finf.c
         dial_tsel.c
         winui_dlg.c
         winui_rsc.c
         emu68.c
         error68.c
         getea68.c
         inst68.c
         ioplug68.c
         lines68.c
         mem68.c
         io68.c
         mfpemul.c
         mfp_io.c
         mwemul.c
         mw_io.c
     1>d:\wykprivacy\c_or_c++project\sc68_exploration\test\sc68-code-r599\libsc68\emu68\inst68.h : warning C4819: The file contains a character that cannot be represented in the current code page (936). Save the file in Unicode format to prevent data loss
         paulaemul.c
         paula_io.c
         shifter_io.c
         ymemul.c
         ym_blep.c
         ym_dump.c
         ym_envel.c
     1>d:\wykprivacy\c_or_c++project\sc68_exploration\test\sc68-code-r599\libsc68\io68\mfpemul.h : warning C4819: The file contains a character that cannot be represented in the current code page (936). Save the file in Unicode format to prevent data loss
         ym_io.c
     1>d:\wykprivacy\c_or_c++project\sc68_exploration\test\sc68-code-r599\libsc68\emu68\inst68.h : warning C4819: The file contains a character that cannot be represented in the current code page (936). Save the file in Unicode format to prevent data loss
     1>d:\wykprivacy\c_or_c++project\sc68_exploration\test\sc68-code-r599\libsc68\io68\mfpemul.h : warning C4819: The file contains a character that cannot be represented in the current code page (936). Save the file in Unicode format to prevent data loss
     1>d:\wykprivacy\c_or_c++project\sc68_exploration\test\sc68-code-r599\libsc68\io68\mfpemul.h(616): warning C4819: The file contains a character that cannot be represented in the current code page (936). Save the file in Unicode format to prevent data loss
     1>d:\wykprivacy\c_or_c++project\sc68_exploration\test\sc68-code-r599\libsc68\io68\mfpemul.h(616): warning C4819: The file contains a character that cannot be represented in the current code page (936). Save the file in Unicode format to prevent data loss
         ym_puls.c
         libsc68.c
         mixer68.c
         basename.c
     1>..\..\libsc68\api68.c(1423): warning C4114: same type qualifier used more than once
       Lib:
         C:\Program Files (x86)\Microsoft Visual Studio 10.0\VC\bin\Lib.exe /OUT:"D:\wykPrivacy\C_or_C++Project\sc68_exploration\test\sc68-code-r599\sc68-fb2k\_x86-Release\sc68.lib" /NOLOGO /NODEFAULTLIB /MACHINE:X86 /SUBSYSTEM:WINDOWS /LTCG "D:\wykPrivacy\C_or_C++Project\sc68_exploration\test\sc68-code-r599\sc68-fb2k\_x86-Release\sc68\api68.obj"
         "D:\wykPrivacy\C_or_C++Project\sc68_exploration\test\sc68-code-r599\sc68-fb2k\_x86-Release\sc68\conf68.obj"
         "D:\wykPrivacy\C_or_C++Project\sc68_exploration\test\sc68-code-r599\sc68-fb2k\_x86-Release\sc68\dial68.obj"
         "D:\wykPrivacy\C_or_C++Project\sc68_exploration\test\sc68-code-r599\sc68-fb2k\_x86-Release\sc68\dial_conf.obj"
         "D:\wykPrivacy\C_or_C++Project\sc68_exploration\test\sc68-code-r599\sc68-fb2k\_x86-Release\sc68\dial_finf.obj"
         "D:\wykPrivacy\C_or_C++Project\sc68_exploration\test\sc68-code-r599\sc68-fb2k\_x86-Release\sc68\dial_tsel.obj"
         "D:\wykPrivacy\C_or_C++Project\sc68_exploration\test\sc68-code-r599\sc68-fb2k\_x86-Release\sc68\winui_dlg.obj"
         "D:\wykPrivacy\C_or_C++Project\sc68_exploration\test\sc68-code-r599\sc68-fb2k\_x86-Release\sc68\winui_rsc.obj"
         "D:\wykPrivacy\C_or_C++Project\sc68_exploration\test\sc68-code-r599\sc68-fb2k\_x86-Release\sc68\emu68.obj"
         "D:\wykPrivacy\C_or_C++Project\sc68_exploration\test\sc68-code-r599\sc68-fb2k\_x86-Release\sc68\error68.obj"
         "D:\wykPrivacy\C_or_C++Project\sc68_exploration\test\sc68-code-r599\sc68-fb2k\_x86-Release\sc68\getea68.obj"
         "D:\wykPrivacy\C_or_C++Project\sc68_exploration\test\sc68-code-r599\sc68-fb2k\_x86-Release\sc68\inst68.obj"
         "D:\wykPrivacy\C_or_C++Project\sc68_exploration\test\sc68-code-r599\sc68-fb2k\_x86-Release\sc68\ioplug68.obj"
         "D:\wykPrivacy\C_or_C++Project\sc68_exploration\test\sc68-code-r599\sc68-fb2k\_x86-Release\sc68\lines68.obj"
         "D:\wykPrivacy\C_or_C++Project\sc68_exploration\test\sc68-code-r599\sc68-fb2k\_x86-Release\sc68\mem68.obj"
         "D:\wykPrivacy\C_or_C++Project\sc68_exploration\test\sc68-code-r599\sc68-fb2k\_x86-Release\sc68\io68.obj"
         "D:\wykPrivacy\C_or_C++Project\sc68_exploration\test\sc68-code-r599\sc68-fb2k\_x86-Release\sc68\mfpemul.obj"
         "D:\wykPrivacy\C_or_C++Project\sc68_exploration\test\sc68-code-r599\sc68-fb2k\_x86-Release\sc68\mfp_io.obj"
         "D:\wykPrivacy\C_or_C++Project\sc68_exploration\test\sc68-code-r599\sc68-fb2k\_x86-Release\sc68\mwemul.obj"
         "D:\wykPrivacy\C_or_C++Project\sc68_exploration\test\sc68-code-r599\sc68-fb2k\_x86-Release\sc68\mw_io.obj"
         "D:\wykPrivacy\C_or_C++Project\sc68_exploration\test\sc68-code-r599\sc68-fb2k\_x86-Release\sc68\paulaemul.obj"
         "D:\wykPrivacy\C_or_C++Project\sc68_exploration\test\sc68-code-r599\sc68-fb2k\_x86-Release\sc68\paula_io.obj"
         "D:\wykPrivacy\C_or_C++Project\sc68_exploration\test\sc68-code-r599\sc68-fb2k\_x86-Release\sc68\shifter_io.obj"
         "D:\wykPrivacy\C_or_C++Project\sc68_exploration\test\sc68-code-r599\sc68-fb2k\_x86-Release\sc68\ymemul.obj"
         "D:\wykPrivacy\C_or_C++Project\sc68_exploration\test\sc68-code-r599\sc68-fb2k\_x86-Release\sc68\ym_blep.obj"
         "D:\wykPrivacy\C_or_C++Project\sc68_exploration\test\sc68-code-r599\sc68-fb2k\_x86-Release\sc68\ym_dump.obj"
         "D:\wykPrivacy\C_or_C++Project\sc68_exploration\test\sc68-code-r599\sc68-fb2k\_x86-Release\sc68\ym_envel.obj"
         "D:\wykPrivacy\C_or_C++Project\sc68_exploration\test\sc68-code-r599\sc68-fb2k\_x86-Release\sc68\ym_io.obj"
         "D:\wykPrivacy\C_or_C++Project\sc68_exploration\test\sc68-code-r599\sc68-fb2k\_x86-Release\sc68\ym_puls.obj"
         "D:\wykPrivacy\C_or_C++Project\sc68_exploration\test\sc68-code-r599\sc68-fb2k\_x86-Release\sc68\libsc68.obj"
         "D:\wykPrivacy\C_or_C++Project\sc68_exploration\test\sc68-code-r599\sc68-fb2k\_x86-Release\sc68\mixer68.obj"
         "D:\wykPrivacy\C_or_C++Project\sc68_exploration\test\sc68-code-r599\sc68-fb2k\_x86-Release\sc68\basename.obj"
         sc68.vcxproj -> D:\wykPrivacy\C_or_C++Project\sc68_exploration\test\sc68-code-r599\sc68-fb2k\_x86-Release\sc68.lib
       FinalizeBuildStatus:
         Deleting file "D:\wykPrivacy\C_or_C++Project\sc68_exploration\test\sc68-code-r599\sc68-fb2k\_x86-Release\sc68\sc68.unsuccessfulbuild".
         Touching "D:\wykPrivacy\C_or_C++Project\sc68_exploration\test\sc68-code-r599\sc68-fb2k\_x86-Release\sc68\sc68.lastbuildstate".
     1>Done Building Project "D:\wykPrivacy\C_or_C++Project\sc68_exploration\test\sc68-code-r599\sc68-msvc\sc68\sc68.vcxproj" (rebuild target(s)).

Build succeeded.

Time Elapsed 00:00:00.47
