D:\WYKPRIVACY\C_OR_C++PROJECT\SC68_EXPLORATION\TEST\SC68-CODE-R599\SC68-FB2K\_X86-RELEASE\SC68-FB2K-V100.PDB
D:\WYKPRIVACY\C_OR_C++PROJECT\SC68_EXPLORATION\TEST\SC68-CODE-R599\SC68-FB2K\_X86-RELEASE\UNICE68.LIB
D:\wykPrivacy\C_or_C++Project\sc68_exploration\test\sc68-code-r599\sc68-fb2k\_x86-Release\unice68\CL.22592.read.1.tlog
D:\wykPrivacy\C_or_C++Project\sc68_exploration\test\sc68-code-r599\sc68-fb2k\_x86-Release\unice68\CL.22592.write.1.tlog
D:\wykPrivacy\C_or_C++Project\sc68_exploration\test\sc68-code-r599\sc68-fb2k\_x86-Release\unice68\CL.25036.read.1.tlog
D:\wykPrivacy\C_or_C++Project\sc68_exploration\test\sc68-code-r599\sc68-fb2k\_x86-Release\unice68\CL.25036.write.1.tlog
D:\wykPrivacy\C_or_C++Project\sc68_exploration\test\sc68-code-r599\sc68-fb2k\_x86-Release\unice68\CL.5324.read.1.tlog
D:\wykPrivacy\C_or_C++Project\sc68_exploration\test\sc68-code-r599\sc68-fb2k\_x86-Release\unice68\CL.5324.write.1.tlog
D:\wykPrivacy\C_or_C++Project\sc68_exploration\test\sc68-code-r599\sc68-fb2k\_x86-Release\unice68\cl.command.1.tlog
D:\wykPrivacy\C_or_C++Project\sc68_exploration\test\sc68-code-r599\sc68-fb2k\_x86-Release\unice68\CL.read.1.tlog
D:\wykPrivacy\C_or_C++Project\sc68_exploration\test\sc68-code-r599\sc68-fb2k\_x86-Release\unice68\CL.read.2.tlog
D:\wykPrivacy\C_or_C++Project\sc68_exploration\test\sc68-code-r599\sc68-fb2k\_x86-Release\unice68\CL.read.3.tlog
D:\wykPrivacy\C_or_C++Project\sc68_exploration\test\sc68-code-r599\sc68-fb2k\_x86-Release\unice68\cl.write.1.tlog
D:\wykPrivacy\C_or_C++Project\sc68_exploration\test\sc68-code-r599\sc68-fb2k\_x86-Release\unice68\lib.command.1.tlog
D:\wykPrivacy\C_or_C++Project\sc68_exploration\test\sc68-code-r599\sc68-fb2k\_x86-Release\unice68\Lib.read.1.tlog
D:\wykPrivacy\C_or_C++Project\sc68_exploration\test\sc68-code-r599\sc68-fb2k\_x86-Release\unice68\Lib-link.read.1.tlog
D:\wykPrivacy\C_or_C++Project\sc68_exploration\test\sc68-code-r599\sc68-fb2k\_x86-Release\unice68\Lib-link.write.1.tlog
D:\wykPrivacy\C_or_C++Project\sc68_exploration\test\sc68-code-r599\sc68-fb2k\_x86-Release\unice68\unice68.write.1.tlog
D:\wykPrivacy\C_or_C++Project\sc68_exploration\test\sc68-code-r599\sc68-fb2k\_x86-Release\unice68\unice68_pack.obj
D:\wykPrivacy\C_or_C++Project\sc68_exploration\test\sc68-code-r599\sc68-fb2k\_x86-Release\unice68\unice68_unpack.obj
D:\wykPrivacy\C_or_C++Project\sc68_exploration\test\sc68-code-r599\sc68-fb2k\_x86-Release\unice68\unice68_version.obj
