Build started 2026/2/15 21:12:01.
     1>Project "D:\wykPrivacy\C_or_C++Project\sc68_exploration\test\sc68-code-r599\sc68-msvc\unice68\unice68.vcxproj" on node 2 (rebuild target(s)).
     1>_PrepareForClean:
         Deleting file "D:\wykPrivacy\C_or_C++Project\sc68_exploration\test\sc68-code-r599\sc68-fb2k\_x86-Release\unice68\unice68.lastbuildstate".
       InitializeBuildStatus:
         Creating "D:\wykPrivacy\C_or_C++Project\sc68_exploration\test\sc68-code-r599\sc68-fb2k\_x86-Release\unice68\unice68.unsuccessfulbuild" because "AlwaysCreate" was specified.
       ClCompile:
         C:\Program Files (x86)\Microsoft Visual Studio 10.0\VC\bin\CL.exe /c /I"D:\wykPrivacy\C_or_C++Project\sc68_exploration\test\sc68-code-r599\sc68-msvc\unice68\\" /I"D:\wykPrivacy\C_or_C++Project\sc68_exploration\test\sc68-code-r599\sc68-msvc\unice68\/.." /Zi /nologo /W3 /WX- /MP /Ox /Ob2 /Oi /Ot /Oy /GL /D HAVE_CONFIG_H /D WIN32 /D NDEBUG /D _LIB /D _MBCS /GF /Gm- /MT /GS- /Gy- /fp:fast /fp:except- /Zc:wchar_t /Zc:forScope /GR- /openmp- /Fo"D:\wykPrivacy\C_or_C++Project\sc68_exploration\test\sc68-code-r599\sc68-fb2k\_x86-Release\unice68\\" /Fd"D:\wykPrivacy\C_or_C++Project\sc68_exploration\test\sc68-code-r599\sc68-fb2k\_x86-Release\sc68-fb2k-v100.pdb" /Gd /TC /analyze- /errorReport:none ..\..\unice68\unice68_pack.c ..\..\unice68\unice68_unpack.c ..\..\unice68\unice68_version.c
         unice68_pack.c
         unice68_unpack.c
         unice68_version.c
       Lib:
         C:\Program Files (x86)\Microsoft Visual Studio 10.0\VC\bin\Lib.exe /OUT:"D:\wykPrivacy\C_or_C++Project\sc68_exploration\test\sc68-code-r599\sc68-fb2k\_x86-Release\unice68.lib" /NOLOGO /NODEFAULTLIB /MACHINE:X86 /SUBSYSTEM:WINDOWS /LTCG "D:\wykPrivacy\C_or_C++Project\sc68_exploration\test\sc68-code-r599\sc68-fb2k\_x86-Release\unice68\unice68_pack.obj"
         "D:\wykPrivacy\C_or_C++Project\sc68_exploration\test\sc68-code-r599\sc68-fb2k\_x86-Release\unice68\unice68_unpack.obj"
         "D:\wykPrivacy\C_or_C++Project\sc68_exploration\test\sc68-code-r599\sc68-fb2k\_x86-Release\unice68\unice68_version.obj"
         unice68.vcxproj -> D:\wykPrivacy\C_or_C++Project\sc68_exploration\test\sc68-code-r599\sc68-fb2k\_x86-Release\unice68.lib
       FinalizeBuildStatus:
         Deleting file "D:\wykPrivacy\C_or_C++Project\sc68_exploration\test\sc68-code-r599\sc68-fb2k\_x86-Release\unice68\unice68.unsuccessfulbuild".
         Touching "D:\wykPrivacy\C_or_C++Project\sc68_exploration\test\sc68-code-r599\sc68-fb2k\_x86-Release\unice68\unice68.lastbuildstate".
     1>Done Building Project "D:\wykPrivacy\C_or_C++Project\sc68_exploration\test\sc68-code-r599\sc68-msvc\unice68\unice68.vcxproj" (rebuild target(s)).

Build succeeded.

Time Elapsed 00:00:00.22
